<?xml version="1.0" encoding="UTF-8"?>
<!-- Generated by org.testng.reporters.JUnitReportReporter -->
<testsuite hostname="DESKTOP-VNAFMO3" failures="0" tests="2" name="com.testCase.AdminTestCase" time="2.745" errors="0" timestamp="2020-08-26T12:45:23 PDT" skipped="0">
  <testcase classname="com.testCase.AdminTestCase" name="login" time="1.587"/>
  <system-out/>
  <testcase classname="com.testCase.AdminTestCase" name="adminclick" time="1.158"/>
  <system-out/>
</testsuite> <!-- com.testCase.AdminTestCase -->
