<?xml version="1.0" encoding="UTF-8"?>
<!-- Generated by org.testng.reporters.JUnitReportReporter -->
<testsuite hostname="DESKTOP-VNAFMO3" failures="0" tests="1" name="com.testCase.LoginTestCase" time="2.106" errors="0" timestamp="2020-08-27T11:49:00 PDT" skipped="0">
  <testcase classname="com.testCase.LoginTestCase" name="login" time="2.106"/>
  <system-out/>
</testsuite> <!-- com.testCase.LoginTestCase -->
