<?xml version="1.0" encoding="UTF-8"?>
<!-- Generated by org.testng.reporters.JUnitReportReporter -->
<testsuite hostname="DESKTOP-VNAFMO3" failures="0" tests="2" name="com.testCase.AdminTestCase" time="3.312" errors="0" timestamp="2020-08-26T16:49:14 PDT" skipped="0">
  <testcase classname="com.testCase.AdminTestCase" name="login" time="1.619"/>
  <system-out/>
  <testcase classname="com.testCase.AdminTestCase" name="adminclick" time="1.693"/>
  <system-out/>
</testsuite> <!-- com.testCase.AdminTestCase -->
