<?xml version="1.0" encoding="UTF-8"?>
<!-- Generated by org.testng.reporters.JUnitReportReporter -->
<testsuite hostname="DESKTOP-VNAFMO3" failures="0" tests="1" name="com.testCase.LoginTestCase" time="2.065" errors="0" timestamp="2020-08-26T12:45:23 PDT" skipped="0">
  <testcase classname="com.testCase.LoginTestCase" name="login" time="2.065"/>
  <system-out/>
</testsuite> <!-- com.testCase.LoginTestCase -->
